<?xml version="1.0" encoding="UTF-8"?>
<!-- Generated by org.testng.reporters.JUnitReportReporter -->
<testsuite skipped="2" hostname="DESKTOP-DCN8BQG" name="com.qa.avaamo.testPages.IraChatBotTest" tests="8" failures="0" timestamp="14 Oct 2020 12:05:15 GMT" time="20.655" errors="0">
  <testcase name="verifyLoginPageTitle" time="0.029" classname="com.qa.avaamo.testPages.IraChatBotTest"/>
  <testcase name="verifyWelcomeMessage" time="0.170" classname="com.qa.avaamo.testPages.IraChatBotTest"/>
  <testcase name="verifyNotificationClick" time="2.740" classname="com.qa.avaamo.testPages.IraChatBotTest"/>
  <testcase name="verifyGetStarted" time="1.826" classname="com.qa.avaamo.testPages.IraChatBotTest"/>
  <testcase name="getMessagesFromBot" time="2.220" classname="com.qa.avaamo.testPages.IraChatBotTest"/>
  <testcase name="sendQueryNewTest" time="13.670" classname="com.qa.avaamo.testPages.IraChatBotTest"/>
  <testcase name="getMenuOptions" classname="com.qa.avaamo.testPages.IraChatBotTest">
    <skipped/>
  </testcase> <!-- getMenuOptions -->
  <testcase name="sendQueryTestBot" classname="com.qa.avaamo.testPages.IraChatBotTest">
    <skipped/>
  </testcase> <!-- sendQueryTestBot -->
</testsuite> <!-- com.qa.avaamo.testPages.IraChatBotTest -->
