<?xml version="1.0" encoding="UTF-8"?>
<!-- Generated by org.testng.reporters.JUnitReportReporter -->
<testsuite skipped="0" hostname="DESKTOP-DCN8BQG" name="com.qa.avaamo.tests.IraTestPage" tests="1" failures="0" timestamp="12 Oct 2020 10:55:54 GMT" time="0.004" errors="0">
  <testcase name="test" time="0.004" classname="com.qa.avaamo.tests.IraTestPage"/>
</testsuite> <!-- com.qa.avaamo.tests.IraTestPage -->
