<?xml version="1.0" encoding="UTF-8"?>
<!-- Generated by org.testng.reporters.JUnitReportReporter -->
<testsuite skipped="0" hostname="DESKTOP-DCN8BQG" name="com.qa.avaamo.tests.test2" tests="2" failures="0" timestamp="13 Oct 2020 11:28:15 GMT" time="60.678" errors="0">
  <testcase name="test2" time="35.861" classname="com.qa.avaamo.tests.test2"/>
  <testcase name="test" time="24.817" classname="com.qa.avaamo.tests.test2"/>
</testsuite> <!-- com.qa.avaamo.tests.test2 -->
