<?xml version="1.0" encoding="UTF-8"?>
<!-- Generated by org.testng.reporters.JUnitReportReporter -->
<testsuite skipped="0" hostname="DESKTOP-DCN8BQG" name="com.qa.avaamo.tests.IraChatBotTest" tests="3" failures="0" timestamp="13 Oct 2020 13:02:18 GMT" time="0.028" errors="0">
  <testcase name="VerifyLoginPageTitle" time="0.024" classname="com.qa.avaamo.tests.IraChatBotTest"/>
  <testcase name="VerifySignUpLink" time="0.002" classname="com.qa.avaamo.tests.IraChatBotTest"/>
  <testcase name="LoginTest" time="0.002" classname="com.qa.avaamo.tests.IraChatBotTest"/>
</testsuite> <!-- com.qa.avaamo.tests.IraChatBotTest -->
