<?xml version="1.0" encoding="UTF-8"?>
<!-- Generated by org.testng.reporters.JUnitReportReporter -->
<testsuite skipped="0" hostname="DESKTOP-DCN8BQG" name="com.qa.avaamo.testPages.IraChatBotTest" tests="7" failures="0" timestamp="15 Oct 2020 11:57:44 GMT" time="27.282" errors="0">
  <testcase name="verifyGetStarted" time="3.474" classname="com.qa.avaamo.testPages.IraChatBotTest"/>
  <testcase name="verifyPageTitle" time="0.015" classname="com.qa.avaamo.testPages.IraChatBotTest"/>
  <testcase name="verifyGetDefaultResponse" time="0.073" classname="com.qa.avaamo.testPages.IraChatBotTest"/>
  <testcase name="getMessagesFromBot" time="2.256" classname="com.qa.avaamo.testPages.IraChatBotTest"/>
  <testcase name="getMenuOptions" time="4.721" classname="com.qa.avaamo.testPages.IraChatBotTest"/>
  <testcase name="sendQueryTestBot" time="3.597" classname="com.qa.avaamo.testPages.IraChatBotTest"/>
  <testcase name="sendQueryNewTest" time="13.146" classname="com.qa.avaamo.testPages.IraChatBotTest"/>
</testsuite> <!-- com.qa.avaamo.testPages.IraChatBotTest -->
